

[31m2019/09/16 17:39:21 [Recovery] 2019/09/16 - 17:39:21 panic recovered:
GET /test HTTP/1.1
Host: 127.0.0.1:8080
Accept: */*
User-Agent: curl/7.55.1


test gin.Recovery middleware
C:/blockchainenv/githubProj/gin-demo/middleware_gin/main.go:51 (0x99afe7)
	main.func1: panic("test gin.Recovery middleware")
C:/Users/solozyx/go/pkg/mod/github.com/gin-gonic/gin@v1.4.0/context.go:124 (0x985a61)
	(*Context).Next: c.handlers[c.index](c)
C:/Users/solozyx/go/pkg/mod/github.com/gin-gonic/gin@v1.4.0/recovery.go:83 (0x998f8a)
	RecoveryWithWriter.func1: c.Next()
C:/Users/solozyx/go/pkg/mod/github.com/gin-gonic/gin@v1.4.0/context.go:124 (0x985a61)
	(*Context).Next: c.handlers[c.index](c)
C:/Users/solozyx/go/pkg/mod/github.com/gin-gonic/gin@v1.4.0/logger.go:240 (0x998017)
	LoggerWithConfig.func1: c.Next()
C:/Users/solozyx/go/pkg/mod/github.com/gin-gonic/gin@v1.4.0/context.go:124 (0x985a61)
	(*Context).Next: c.handlers[c.index](c)
C:/Users/solozyx/go/pkg/mod/github.com/gin-gonic/gin@v1.4.0/gin.go:389 (0x98f458)
	(*Engine).handleHTTPRequest: c.Next()
C:/Users/solozyx/go/pkg/mod/github.com/gin-gonic/gin@v1.4.0/gin.go:351 (0x98ec7a)
	(*Engine).ServeHTTP: engine.handleHTTPRequest(c)
C:/blockchainenv/Go/src/net/http/server.go:2802 (0x6bae5a)
	serverHandler.ServeHTTP: handler.ServeHTTP(rw, req)
C:/blockchainenv/Go/src/net/http/server.go:1890 (0x6b662b)
	(*conn).serve: serverHandler{c.server}.ServeHTTP(w, w.req)
C:/blockchainenv/Go/src/runtime/asm_amd64.s:1357 (0x45add0)
	goexit: BYTE	$0x90	// NOP
[0m
[GIN] 2019/09/16 - 17:39:21 | 500 |     76.9607ms |       127.0.0.1 | GET      /test
